2024-08-28 20:26:10,440 [ 1] INFO  Unity: LoadingManager start
2024-08-28 20:26:13,770 [ 1] INFO  Unity: DataManager > DataManager()
2024-08-28 20:26:14,903 [ 1] INFO  Unity: 正在加载
2024-08-28 20:26:18,521 [ 1] INFO  Unity: UserLoginRequest::user :002 psw:123
2024-08-28 20:26:18,521 [ 1] INFO  Unity: ConnectToServer() Start 
2024-08-28 20:26:18,523 [ 1] INFO  Unity: DoConnect
2024-08-28 20:26:18,523 [ 1] INFO  Unity: NetClient.DoConnect on 127.0.0.1:8000
2024-08-28 20:26:18,524 [ 1] INFO  Unity: Connect[0] to server 127.0.0.1:8000

2024-08-28 20:26:18,526 [ 1] INFO  Unity: LoadingMesager::OnGameServerConnect :0 reason:Success
2024-08-28 20:26:18,817 [ 1] INFO  Unity: OnUserLogin:Success [None]
2024-08-28 20:26:18,819 [ 1] INFO  Unity: LoadLevel: CharSelect
2024-08-28 20:26:18,973 [ 1] INFO  Unity: LevelLoadCompleted:1
2024-08-28 20:26:19,620 [ 1] INFO  Unity: Select Char:[2]002_01[Wizard]
2024-08-28 20:26:20,354 [ 1] INFO  Unity: UserGameEnterRequest::characterId :0
2024-08-28 20:26:20,423 [ 1] INFO  Unity: OnGameEnter:Success [None]
2024-08-28 20:26:20,424 [ 1] INFO  Unity: ItemManager:Init[Id:1, Count:20]
2024-08-28 20:26:20,424 [ 1] INFO  Unity: ItemManager:Init[Id:2, Count:20]
2024-08-28 20:26:20,427 [ 1] INFO  Unity: OnMapCharacterEnter:Map:1 Count:1
2024-08-28 20:26:20,427 [ 1] INFO  Unity: AddCharacter:2:002_01 Map:1 Entity:(1:pos:(5000,4000,820),dir:(100,0,0),spd:0
2024-08-28 20:26:20,427 [ 1] INFO  Unity: LoadLevel: MainCity
2024-08-28 20:26:20,630 [ 1] INFO  Unity: Archer OnDestroy :ID:0 POS:(0, 0, 0) DIR:(0, 100, 0) SPD:0 
2024-08-28 20:26:20,631 [ 1] INFO  Unity: Wizard OnDestroy :ID:0 POS:(0, 0, 0) DIR:(0, 100, 0) SPD:0 
2024-08-28 20:26:20,647 [ 1] WARN  Unity: GameObjectManager[17970] Awake

2024-08-28 20:26:20,649 [ 1] WARN  Unity: MainPlayerCamera[18060] Awake

2024-08-28 20:26:20,649 [ 1] WARN  Unity: UIMain[18064] Awake

2024-08-28 20:26:20,649 [ 1] WARN  Unity: UIWorldElementManager[18118] Awake

2024-08-28 20:26:20,650 [ 1] INFO  Unity: LevelLoadCompleted:1
2024-08-28 20:26:32,953 [ 1] INFO  Unity: OnMapCharacterEnter:Map:1 Count:1
2024-08-28 20:26:32,953 [ 1] INFO  Unity: AddCharacter:1:001_01 Map:1 Entity:(2:pos:(5000,4000,820),dir:(100,0,0),spd:0
2024-08-28 20:26:32,955 [ 1] INFO  Unity: OnFriendList
2024-08-28 20:26:33,405 [ 1] INFO  Unity: OnEntityChanger: ID:2 POS:(5000, 4000, 900) DIR:(100, 0, 0) SPD:0
2024-08-28 20:26:33,405 [ 1] INFO  Unity: MapEntityUpdateResponse: Entitys:1
[2]evt:None entity:(2:pos:(5000,4000,900),dir:(100,0,0),spd:0

2024-08-28 20:26:33,437 [ 1] INFO  Unity: OnEntityChanger: ID:2 POS:(5000, 4000, 972) DIR:(100, 0, 0) SPD:0
2024-08-28 20:26:33,437 [ 1] INFO  Unity: MapEntityUpdateResponse: Entitys:1
[2]evt:None entity:(2:pos:(5000,4000,972),dir:(100,0,0),spd:0

2024-08-28 20:26:33,903 [ 1] INFO  Unity: OnEntityChanger: ID:2 POS:(5000, 4000, 972) DIR:(100, 0, 0) SPD:300
2024-08-28 20:26:33,903 [ 1] INFO  Unity: MapEntityUpdateResponse: Entitys:1
[2]evt:MoveFwd entity:(2:pos:(5000,4000,972),dir:(100,0,0),spd:300

2024-08-28 20:26:34,320 [ 1] INFO  Unity: OnEntityChanger: ID:2 POS:(5109, 4000, 920) DIR:(100, 0, 0) SPD:300
2024-08-28 20:26:34,320 [ 1] INFO  Unity: MapEntityUpdateResponse: Entitys:1
[2]evt:None entity:(2:pos:(5109,4000,920),dir:(100,0,0),spd:300

2024-08-28 20:26:34,405 [ 1] INFO  Unity: OnEntityChanger: ID:2 POS:(5135, 4000, 864) DIR:(100, 0, 0) SPD:300
2024-08-28 20:26:34,405 [ 1] INFO  Unity: MapEntityUpdateResponse: Entitys:1
[2]evt:None entity:(2:pos:(5135,4000,864),dir:(100,0,0),spd:300

2024-08-28 20:26:34,454 [ 1] INFO  Unity: OnEntityChanger: ID:2 POS:(5156, 4000, 814) DIR:(100, 0, 0) SPD:300
2024-08-28 20:26:34,454 [ 1] INFO  Unity: MapEntityUpdateResponse: Entitys:1
[2]evt:None entity:(2:pos:(5156,4000,814),dir:(100,0,0),spd:300

2024-08-28 20:26:34,620 [ 1] INFO  Unity: OnEntityChanger: ID:2 POS:(5211, 4000, 814) DIR:(98, -18, 0) SPD:300
2024-08-28 20:26:34,620 [ 1] INFO  Unity: MapEntityUpdateResponse: Entitys:1
[2]evt:None entity:(2:pos:(5211,4000,814),dir:(98,-18,0),spd:300

2024-08-28 20:26:35,103 [ 1] INFO  Unity: OnEntityChanger: ID:2 POS:(5356, 3971, 814) DIR:(98, -18, 0) SPD:0
2024-08-28 20:26:35,103 [ 1] INFO  Unity: MapEntityUpdateResponse: Entitys:1
[2]evt:Idle entity:(2:pos:(5356,3971,814),dir:(98,-18,0),spd:0

2024-08-28 20:26:39,120 [ 1] INFO  Unity: SendTeamInviteRequest
2024-08-28 20:26:40,603 [ 1] INFO  Unity: OnFriendList
2024-08-28 20:26:40,604 [ 1] INFO  Unity: OnTeamInfo
2024-08-28 20:26:45,353 [ 1] INFO  Unity: SendTeamLeaveRequest
2024-08-28 20:26:45,386 [ 1] INFO  Unity: OnFriendList
2024-08-28 20:26:47,653 [ 1] INFO  Unity: OnEntityChanger: ID:2 POS:(5356, 3971, 814) DIR:(94, -35, 0) SPD:0
2024-08-28 20:26:47,653 [ 1] INFO  Unity: MapEntityUpdateResponse: Entitys:1
[2]evt:None entity:(2:pos:(5356,3971,814),dir:(94,-35,0),spd:0

2024-08-28 20:26:47,803 [ 1] INFO  Unity: OnEntityChanger: ID:2 POS:(5356, 3971, 814) DIR:(86, -51, 0) SPD:0
2024-08-28 20:26:47,803 [ 1] INFO  Unity: MapEntityUpdateResponse: Entitys:1
[2]evt:None entity:(2:pos:(5356,3971,814),dir:(86,-51,0),spd:0

2024-08-28 20:26:47,869 [ 1] INFO  Unity: OnEntityChanger: ID:2 POS:(5356, 3971, 814) DIR:(86, -51, 0) SPD:300
2024-08-28 20:26:47,869 [ 1] INFO  Unity: MapEntityUpdateResponse: Entitys:1
[2]evt:MoveFwd entity:(2:pos:(5356,3971,814),dir:(86,-51,0),spd:300

2024-08-28 20:26:47,902 [ 1] INFO  Unity: OnEntityChanger: ID:2 POS:(5364, 3965, 814) DIR:(75, -66, 0) SPD:300
2024-08-28 20:26:47,902 [ 1] INFO  Unity: MapEntityUpdateResponse: Entitys:1
[2]evt:None entity:(2:pos:(5364,3965,814),dir:(75,-66,0),spd:300

2024-08-28 20:26:47,986 [ 1] INFO  Unity: OnEntityChanger: ID:2 POS:(5384, 3950, 814) DIR:(62, -78, 0) SPD:300
2024-08-28 20:26:47,986 [ 1] INFO  Unity: MapEntityUpdateResponse: Entitys:1
[2]evt:None entity:(2:pos:(5384,3950,814),dir:(62,-78,0),spd:300

2024-08-28 20:26:48,086 [ 1] INFO  Unity: OnEntityChanger: ID:2 POS:(5402, 3926, 814) DIR:(46, -89, 0) SPD:300
2024-08-28 20:26:48,086 [ 1] INFO  Unity: MapEntityUpdateResponse: Entitys:1
[2]evt:None entity:(2:pos:(5402,3926,814),dir:(46,-89,0),spd:300

2024-08-28 20:26:48,219 [ 1] INFO  Unity: OnEntityChanger: ID:2 POS:(5418, 3894, 814) DIR:(29, -96, 0) SPD:300
2024-08-28 20:26:48,219 [ 1] INFO  Unity: MapEntityUpdateResponse: Entitys:1
[2]evt:None entity:(2:pos:(5418,3894,814),dir:(29,-96,0),spd:300

2024-08-28 20:26:48,286 [ 1] INFO  Unity: OnEntityChanger: ID:2 POS:(5422, 3874, 814) DIR:(29, -96, 0) SPD:0
2024-08-28 20:26:48,286 [ 1] INFO  Unity: MapEntityUpdateResponse: Entitys:1
[2]evt:Idle entity:(2:pos:(5422,3874,814),dir:(29,-96,0),spd:0

2024-08-28 20:26:52,786 [ 1] INFO  Unity: OnMapCharacterLeave: CharID:2
2024-08-28 20:26:52,786 [ 1] INFO  Unity: RemoveCharacter:2
2024-08-28 20:26:52,787 [ 1] INFO  Unity: OnFriendList
2024-08-28 20:26:52,787 [ 1] INFO  Unity: Character_1_001_01 OnDestroy :ID:2 POS:(5422, 3874, 814) DIR:(29, -96, 0) SPD:0 
2024-08-28 20:26:53,841 [ 1] INFO  Unity: OnDestroy NetworkManager.
2024-08-28 20:26:53,841 [ 1] WARN  Unity: CloseConnection(), errorCode: 1007

2024-08-28 20:26:53,842 [ 1] INFO  Unity: Character_2_002_01 OnDestroy :ID:1 POS:(5000, 4000, 820) DIR:(100, 0, 0) SPD:0 
