2024-07-25 15:44:08,180 [ 1] INFO  Unity: LoadingManager start
2024-07-25 15:44:11,191 [ 1] INFO  Unity: DataManager > DataManager()
2024-07-25 15:44:12,298 [ 1] INFO  Unity: ÕýÔÚ¼ÓÔØ
2024-07-25 15:44:15,129 [ 1] INFO  Unity: UserLoginRequest::user :123 psw:123
2024-07-25 15:44:15,129 [ 1] INFO  Unity: ConnectToServer() Start 
2024-07-25 15:44:15,131 [ 1] INFO  Unity: DoConnect
2024-07-25 15:44:15,132 [ 1] INFO  Unity: NetClient.DoConnect on 127.0.0.1:8000
2024-07-25 15:44:15,134 [ 1] INFO  Unity: Connect[0] to server 127.0.0.1:8000

2024-07-25 15:44:15,136 [ 1] INFO  Unity: LoadingMesager::OnGameServerConnect :0 reason:Success
2024-07-25 15:44:15,200 [ 1] INFO  Unity: OnUserLogin:Success [None]
2024-07-25 15:44:15,202 [ 1] INFO  Unity: LoadLevel: CharSelect
2024-07-25 15:44:15,332 [ 1] INFO  Unity: LevelLoadCompleted:1
2024-07-25 15:44:16,281 [ 1] INFO  Unity: Select Char:[7]123[Warrior]
2024-07-25 15:44:16,811 [ 1] INFO  Unity: UserGameEnterRequest::characterId :0
2024-07-25 15:44:16,846 [ 1] INFO  Unity: OnGameEnter:Success [None]
2024-07-25 15:44:16,847 [ 1] INFO  Unity: OnMapCharacterEnter:Map:1 Count:2
2024-07-25 15:44:16,848 [ 1] INFO  Unity: AddCharacter:7:123 Map:1 Entity:(0:pos:(5000,4000,820),dir:(100,0,0),spd:0
2024-07-25 15:44:16,848 [ 1] INFO  Unity: AddCharacter:7:123 Map:1 Entity:(0:pos:(5000,4000,820),dir:(100,0,0),spd:0
2024-07-25 15:44:16,848 [ 1] INFO  Unity: LoadLevel: MainCity
2024-07-25 15:44:16,848 [ 1] INFO  Unity: OnCharacterEnter:1
2024-07-25 15:44:16,849 [ 1] INFO  Unity: LoadLevel: MainCity
2024-07-25 15:44:16,988 [ 1] INFO  Unity: Archer OnDestroy :ID:0 POS:(0, 0, 0) DIR:(0, 100, 0) SPD:0 
2024-07-25 15:44:16,989 [ 1] INFO  Unity: Warrior OnDestroy :ID:0 POS:(0, 0, 0) DIR:(0, 100, 0) SPD:0 
2024-07-25 15:44:17,036 [ 1] INFO  Unity: LevelLoadCompleted:1
2024-07-25 15:44:17,171 [ 1] INFO  Unity: Character_7_123 OnDestroy :ID:0 POS:(5000, 4000, 820) DIR:(100, 0, 0) SPD:0 
2024-07-25 15:44:17,212 [ 1] INFO  Unity: LevelLoadCompleted:1
2024-07-25 15:44:18,813 [ 1] INFO  Unity: SetDirection:(98, -18, 0)
2024-07-25 15:44:18,913 [ 1] INFO  Unity: SetDirection:(94, -35, 0)
2024-07-25 15:44:18,996 [ 1] INFO  Unity: SetDirection:(86, -51, 0)
2024-07-25 15:44:19,062 [ 1] INFO  Unity: MoveForward
2024-07-25 15:44:19,095 [ 1] INFO  Unity: SetDirection:(74, -68, 0)
2024-07-25 15:44:19,211 [ 1] INFO  Unity: SetDirection:(58, -81, 0)
2024-07-25 15:44:19,293 [ 1] INFO  Unity: SetDirection:(43, -90, 0)
2024-07-25 15:44:19,376 [ 1] INFO  Unity: SetDirection:(27, -96, 0)
2024-07-25 15:44:19,459 [ 1] INFO  Unity: SetDirection:(10, -100, 0)
2024-07-25 15:44:19,543 [ 1] INFO  Unity: SetDirection:(-8, -100, 0)
2024-07-25 15:44:19,642 [ 1] INFO  Unity: SetDirection:(-28, -96, 0)
2024-07-25 15:44:19,724 [ 1] INFO  Unity: SetDirection:(-45, -89, 0)
2024-07-25 15:44:19,824 [ 1] INFO  Unity: SetDirection:(-62, -79, 0)
2024-07-25 15:44:19,956 [ 1] INFO  Unity: SetDirection:(-76, -65, 0)
2024-07-25 15:44:20,701 [ 1] INFO  Unity: SetDirection:(-63, -78, 0)
2024-07-25 15:44:20,801 [ 1] INFO  Unity: SetDirection:(-45, -89, 0)
2024-07-25 15:44:20,900 [ 1] INFO  Unity: SetDirection:(-26, -97, 0)
2024-07-25 15:44:21,000 [ 1] INFO  Unity: SetDirection:(-5, -100, 0)
2024-07-25 15:44:21,100 [ 1] INFO  Unity: SetDirection:(16, -99, 0)
2024-07-25 15:44:21,199 [ 1] INFO  Unity: SetDirection:(36, -93, 0)
2024-07-25 15:44:21,315 [ 1] INFO  Unity: SetDirection:(54, -84, 0)
2024-07-25 15:44:21,397 [ 1] INFO  Unity: SetDirection:(68, -73, 0)
2024-07-25 15:44:21,480 [ 1] INFO  Unity: SetDirection:(80, -60, 0)
2024-07-25 15:44:21,580 [ 1] INFO  Unity: SetDirection:(91, -42, 0)
2024-07-25 15:44:21,646 [ 1] INFO  Unity: Stop
2024-07-25 15:44:21,679 [ 1] INFO  Unity: SetDirection:(97, -23, 0)
2024-07-25 15:44:21,713 [ 1] INFO  Unity: MoveForward
2024-07-25 15:44:21,762 [ 1] INFO  Unity: SetDirection:(100, -5, 0)
2024-07-25 15:44:21,862 [ 1] INFO  Unity: SetDirection:(99, 16, 0)
2024-07-25 15:44:21,961 [ 1] INFO  Unity: SetDirection:(93, 36, 0)
2024-07-25 15:44:22,061 [ 1] INFO  Unity: SetDirection:(84, 54, 0)
2024-07-25 15:44:22,143 [ 1] INFO  Unity: SetDirection:(73, 68, 0)
2024-07-25 15:44:22,226 [ 1] INFO  Unity: SetDirection:(60, 80, 0)
2024-07-25 15:44:22,326 [ 1] INFO  Unity: SetDirection:(42, 91, 0)
2024-07-25 15:44:22,425 [ 1] INFO  Unity: SetDirection:(24, 97, 0)
2024-07-25 15:44:22,591 [ 1] INFO  Unity: SetDirection:(6, 100, 0)
2024-07-25 15:44:22,690 [ 1] INFO  Unity: Stop
2024-07-25 15:44:23,686 [ 1] INFO  Unity: Character_7_123 OnDestroy :ID:0 POS:(5087, 3580, 820) DIR:(6, 100, 0) SPD:0 
2024-07-25 15:44:23,687 [ 1] INFO  Unity: OnDestroy NetworkManager.
2024-07-25 15:44:23,687 [ 1] WARN  Unity: CloseConnection(), errorCode: 1007
UnityEngine.Debug:LogWarning(Object)
Network.NetClient:CloseConnection(Int32) (at Assets/Scripts/Network/NetClient.cs:180)
Network.NetClient:OnDestroy() (at Assets/Scripts/Network/NetClient.cs:175)

